2024-07-26 21:28:16,033 - INFO - [31m[1mWARNING: This is a development server. Do not use it in a production deployment. Use a production WSGI server instead.[0m
 * Running on http://127.0.0.1:5001
2024-07-26 21:28:16,033 - INFO - [33mPress CTRL+C to quit[0m
2024-07-26 21:28:25,118 - INFO - ====== WebDriver manager ======
2024-07-26 21:28:25,298 - INFO - Get LATEST chromedriver version for google-chrome
2024-07-26 21:28:25,410 - INFO - Get LATEST chromedriver version for google-chrome
2024-07-26 21:28:25,524 - INFO - Driver [/Users/robertpeterson/.wdm/drivers/chromedriver/mac64/127.0.6533.72/chromedriver-mac-arm64/chromedriver] found in cache
2024-07-26 21:28:27,379 - INFO - ====== WebDriver manager ======
2024-07-26 21:28:27,507 - INFO - Get LATEST chromedriver version for google-chrome
2024-07-26 21:28:27,622 - INFO - Get LATEST chromedriver version for google-chrome
2024-07-26 21:28:27,731 - INFO - Driver [/Users/robertpeterson/.wdm/drivers/chromedriver/mac64/127.0.6533.72/chromedriver-mac-arm64/chromedriver] found in cache
2024-07-26 21:28:29,981 - INFO - ====== WebDriver manager ======
2024-07-26 21:28:30,092 - INFO - Get LATEST chromedriver version for google-chrome
2024-07-26 21:28:30,202 - INFO - Get LATEST chromedriver version for google-chrome
2024-07-26 21:28:30,305 - INFO - Driver [/Users/robertpeterson/.wdm/drivers/chromedriver/mac64/127.0.6533.72/chromedriver-mac-arm64/chromedriver] found in cache
2024-07-26 21:28:30,587 - INFO - ====== WebDriver manager ======
2024-07-26 21:28:30,720 - INFO - Get LATEST chromedriver version for google-chrome
2024-07-26 21:28:30,834 - INFO - Get LATEST chromedriver version for google-chrome
2024-07-26 21:28:30,943 - INFO - Driver [/Users/robertpeterson/.wdm/drivers/chromedriver/mac64/127.0.6533.72/chromedriver-mac-arm64/chromedriver] found in cache
2024-07-26 21:28:31,292 - INFO - ====== WebDriver manager ======
2024-07-26 21:28:31,412 - INFO - Get LATEST chromedriver version for google-chrome
2024-07-26 21:28:31,518 - INFO - Get LATEST chromedriver version for google-chrome
2024-07-26 21:28:31,637 - INFO - Driver [/Users/robertpeterson/.wdm/drivers/chromedriver/mac64/127.0.6533.72/chromedriver-mac-arm64/chromedriver] found in cache
2024-07-26 21:28:31,802 - INFO - ====== WebDriver manager ======
2024-07-26 21:28:31,932 - INFO - Get LATEST chromedriver version for google-chrome
2024-07-26 21:28:32,042 - INFO - Get LATEST chromedriver version for google-chrome
2024-07-26 21:28:32,149 - INFO - Driver [/Users/robertpeterson/.wdm/drivers/chromedriver/mac64/127.0.6533.72/chromedriver-mac-arm64/chromedriver] found in cache
2024-07-26 21:28:34,303 - INFO - ====== WebDriver manager ======
2024-07-26 21:28:34,425 - INFO - Get LATEST chromedriver version for google-chrome
2024-07-26 21:28:34,536 - INFO - Get LATEST chromedriver version for google-chrome
2024-07-26 21:28:34,645 - INFO - Driver [/Users/robertpeterson/.wdm/drivers/chromedriver/mac64/127.0.6533.72/chromedriver-mac-arm64/chromedriver] found in cache
2024-07-26 21:28:34,870 - INFO - ====== WebDriver manager ======
2024-07-26 21:28:34,995 - INFO - Get LATEST chromedriver version for google-chrome
2024-07-26 21:28:35,108 - INFO - Get LATEST chromedriver version for google-chrome
2024-07-26 21:28:35,225 - INFO - Driver [/Users/robertpeterson/.wdm/drivers/chromedriver/mac64/127.0.6533.72/chromedriver-mac-arm64/chromedriver] found in cache
2024-07-26 21:28:35,686 - INFO - ====== WebDriver manager ======
2024-07-26 21:28:35,844 - INFO - Get LATEST chromedriver version for google-chrome
2024-07-26 21:28:35,960 - INFO - Get LATEST chromedriver version for google-chrome
2024-07-26 21:28:36,065 - INFO - Driver [/Users/robertpeterson/.wdm/drivers/chromedriver/mac64/127.0.6533.72/chromedriver-mac-arm64/chromedriver] found in cache
2024-07-26 21:28:36,756 - INFO - ====== WebDriver manager ======
2024-07-26 21:28:36,890 - INFO - Get LATEST chromedriver version for google-chrome
2024-07-26 21:28:36,998 - INFO - Get LATEST chromedriver version for google-chrome
2024-07-26 21:28:37,126 - INFO - Driver [/Users/robertpeterson/.wdm/drivers/chromedriver/mac64/127.0.6533.72/chromedriver-mac-arm64/chromedriver] found in cache
2024-07-26 21:28:38,683 - INFO - ====== WebDriver manager ======
2024-07-26 21:28:38,819 - INFO - Get LATEST chromedriver version for google-chrome
2024-07-26 21:28:38,927 - INFO - Get LATEST chromedriver version for google-chrome
2024-07-26 21:28:39,045 - INFO - Driver [/Users/robertpeterson/.wdm/drivers/chromedriver/mac64/127.0.6533.72/chromedriver-mac-arm64/chromedriver] found in cache
2024-07-26 21:28:39,237 - INFO - ====== WebDriver manager ======
2024-07-26 21:28:39,355 - INFO - Get LATEST chromedriver version for google-chrome
2024-07-26 21:28:39,496 - INFO - Get LATEST chromedriver version for google-chrome
2024-07-26 21:28:39,851 - INFO - Driver [/Users/robertpeterson/.wdm/drivers/chromedriver/mac64/127.0.6533.72/chromedriver-mac-arm64/chromedriver] found in cache
2024-07-26 21:28:41,348 - INFO - ====== WebDriver manager ======
2024-07-26 21:28:41,478 - INFO - Get LATEST chromedriver version for google-chrome
2024-07-26 21:28:41,845 - INFO - Get LATEST chromedriver version for google-chrome
2024-07-26 21:28:42,215 - INFO - Driver [/Users/robertpeterson/.wdm/drivers/chromedriver/mac64/127.0.6533.72/chromedriver-mac-arm64/chromedriver] found in cache
2024-07-26 21:28:43,185 - INFO - ====== WebDriver manager ======
2024-07-26 21:28:43,310 - INFO - Get LATEST chromedriver version for google-chrome
2024-07-26 21:28:43,412 - INFO - Get LATEST chromedriver version for google-chrome
2024-07-26 21:28:43,512 - INFO - Driver [/Users/robertpeterson/.wdm/drivers/chromedriver/mac64/127.0.6533.72/chromedriver-mac-arm64/chromedriver] found in cache
2024-07-26 21:28:43,702 - INFO - ====== WebDriver manager ======
2024-07-26 21:28:43,824 - INFO - Get LATEST chromedriver version for google-chrome
2024-07-26 21:28:43,926 - INFO - Get LATEST chromedriver version for google-chrome
2024-07-26 21:28:44,043 - INFO - Driver [/Users/robertpeterson/.wdm/drivers/chromedriver/mac64/127.0.6533.72/chromedriver-mac-arm64/chromedriver] found in cache
2024-07-26 21:28:45,052 - INFO - ====== WebDriver manager ======
2024-07-26 21:28:45,199 - INFO - Get LATEST chromedriver version for google-chrome
2024-07-26 21:28:45,301 - INFO - Get LATEST chromedriver version for google-chrome
2024-07-26 21:28:45,408 - INFO - Driver [/Users/robertpeterson/.wdm/drivers/chromedriver/mac64/127.0.6533.72/chromedriver-mac-arm64/chromedriver] found in cache
2024-07-26 21:28:46,964 - INFO - ====== WebDriver manager ======
2024-07-26 21:28:47,087 - INFO - Get LATEST chromedriver version for google-chrome
2024-07-26 21:28:47,192 - INFO - Get LATEST chromedriver version for google-chrome
2024-07-26 21:28:47,300 - INFO - Driver [/Users/robertpeterson/.wdm/drivers/chromedriver/mac64/127.0.6533.72/chromedriver-mac-arm64/chromedriver] found in cache
2024-07-26 21:28:49,687 - INFO - ====== WebDriver manager ======
2024-07-26 21:28:49,861 - INFO - Get LATEST chromedriver version for google-chrome
2024-07-26 21:28:49,964 - INFO - Get LATEST chromedriver version for google-chrome
2024-07-26 21:28:50,082 - INFO - Driver [/Users/robertpeterson/.wdm/drivers/chromedriver/mac64/127.0.6533.72/chromedriver-mac-arm64/chromedriver] found in cache
2024-07-26 21:28:50,506 - INFO - ====== WebDriver manager ======
2024-07-26 21:28:50,662 - INFO - Get LATEST chromedriver version for google-chrome
2024-07-26 21:28:50,761 - INFO - Get LATEST chromedriver version for google-chrome
2024-07-26 21:28:50,877 - INFO - Driver [/Users/robertpeterson/.wdm/drivers/chromedriver/mac64/127.0.6533.72/chromedriver-mac-arm64/chromedriver] found in cache
2024-07-26 21:28:50,998 - INFO - ====== WebDriver manager ======
2024-07-26 21:28:51,154 - INFO - Get LATEST chromedriver version for google-chrome
2024-07-26 21:28:51,261 - INFO - Get LATEST chromedriver version for google-chrome
2024-07-26 21:28:51,368 - INFO - Driver [/Users/robertpeterson/.wdm/drivers/chromedriver/mac64/127.0.6533.72/chromedriver-mac-arm64/chromedriver] found in cache
2024-07-26 21:28:52,864 - INFO - ====== WebDriver manager ======
2024-07-26 21:28:52,988 - INFO - Get LATEST chromedriver version for google-chrome
2024-07-26 21:28:53,095 - INFO - Get LATEST chromedriver version for google-chrome
2024-07-26 21:28:53,202 - INFO - Driver [/Users/robertpeterson/.wdm/drivers/chromedriver/mac64/127.0.6533.72/chromedriver-mac-arm64/chromedriver] found in cache
2024-07-26 21:28:53,431 - INFO - ====== WebDriver manager ======
2024-07-26 21:28:53,561 - INFO - Get LATEST chromedriver version for google-chrome
2024-07-26 21:28:53,676 - INFO - Get LATEST chromedriver version for google-chrome
2024-07-26 21:28:53,785 - INFO - Driver [/Users/robertpeterson/.wdm/drivers/chromedriver/mac64/127.0.6533.72/chromedriver-mac-arm64/chromedriver] found in cache
2024-07-26 21:28:54,100 - INFO - ====== WebDriver manager ======
2024-07-26 21:28:54,226 - INFO - Get LATEST chromedriver version for google-chrome
2024-07-26 21:28:54,331 - INFO - Get LATEST chromedriver version for google-chrome
2024-07-26 21:28:54,445 - INFO - Driver [/Users/robertpeterson/.wdm/drivers/chromedriver/mac64/127.0.6533.72/chromedriver-mac-arm64/chromedriver] found in cache
2024-07-26 21:28:55,071 - INFO - ====== WebDriver manager ======
2024-07-26 21:28:55,206 - INFO - Get LATEST chromedriver version for google-chrome
2024-07-26 21:28:55,331 - INFO - Get LATEST chromedriver version for google-chrome
2024-07-26 21:28:55,451 - INFO - Driver [/Users/robertpeterson/.wdm/drivers/chromedriver/mac64/127.0.6533.72/chromedriver-mac-arm64/chromedriver] found in cache
2024-07-26 21:28:56,196 - INFO - ====== WebDriver manager ======
2024-07-26 21:28:56,316 - INFO - Get LATEST chromedriver version for google-chrome
2024-07-26 21:28:56,425 - INFO - Get LATEST chromedriver version for google-chrome
2024-07-26 21:28:56,533 - INFO - Driver [/Users/robertpeterson/.wdm/drivers/chromedriver/mac64/127.0.6533.72/chromedriver-mac-arm64/chromedriver] found in cache
2024-07-26 21:28:58,166 - INFO - ====== WebDriver manager ======
2024-07-26 21:28:58,290 - INFO - Get LATEST chromedriver version for google-chrome
2024-07-26 21:28:58,307 - INFO - ====== WebDriver manager ======
2024-07-26 21:28:58,397 - INFO - Get LATEST chromedriver version for google-chrome
2024-07-26 21:28:58,420 - INFO - Get LATEST chromedriver version for google-chrome
2024-07-26 21:28:58,515 - INFO - Driver [/Users/robertpeterson/.wdm/drivers/chromedriver/mac64/127.0.6533.72/chromedriver-mac-arm64/chromedriver] found in cache
2024-07-26 21:28:58,541 - INFO - Get LATEST chromedriver version for google-chrome
2024-07-26 21:28:58,647 - INFO - Driver [/Users/robertpeterson/.wdm/drivers/chromedriver/mac64/127.0.6533.72/chromedriver-mac-arm64/chromedriver] found in cache
2024-07-26 21:29:01,313 - INFO - ====== WebDriver manager ======
2024-07-26 21:29:01,446 - INFO - Get LATEST chromedriver version for google-chrome
2024-07-26 21:29:01,564 - INFO - Get LATEST chromedriver version for google-chrome
2024-07-26 21:29:01,737 - INFO - Driver [/Users/robertpeterson/.wdm/drivers/chromedriver/mac64/127.0.6533.72/chromedriver-mac-arm64/chromedriver] found in cache
2024-07-26 21:29:02,030 - INFO - ====== WebDriver manager ======
2024-07-26 21:29:02,179 - INFO - Get LATEST chromedriver version for google-chrome
2024-07-26 21:29:02,281 - INFO - Get LATEST chromedriver version for google-chrome
2024-07-26 21:29:02,392 - INFO - Driver [/Users/robertpeterson/.wdm/drivers/chromedriver/mac64/127.0.6533.72/chromedriver-mac-arm64/chromedriver] found in cache
2024-07-26 21:29:03,259 - INFO - ====== WebDriver manager ======
2024-07-26 21:29:03,389 - INFO - Get LATEST chromedriver version for google-chrome
2024-07-26 21:29:03,493 - INFO - Get LATEST chromedriver version for google-chrome
2024-07-26 21:29:03,599 - INFO - Driver [/Users/robertpeterson/.wdm/drivers/chromedriver/mac64/127.0.6533.72/chromedriver-mac-arm64/chromedriver] found in cache
2024-07-26 21:29:04,041 - INFO - ====== WebDriver manager ======
2024-07-26 21:29:04,211 - INFO - Get LATEST chromedriver version for google-chrome
2024-07-26 21:29:04,350 - INFO - Get LATEST chromedriver version for google-chrome
2024-07-26 21:29:04,479 - INFO - Driver [/Users/robertpeterson/.wdm/drivers/chromedriver/mac64/127.0.6533.72/chromedriver-mac-arm64/chromedriver] found in cache
2024-07-26 21:29:05,565 - INFO - ====== WebDriver manager ======
2024-07-26 21:29:05,720 - INFO - Get LATEST chromedriver version for google-chrome
2024-07-26 21:29:05,830 - INFO - Get LATEST chromedriver version for google-chrome
2024-07-26 21:29:05,932 - INFO - Driver [/Users/robertpeterson/.wdm/drivers/chromedriver/mac64/127.0.6533.72/chromedriver-mac-arm64/chromedriver] found in cache
2024-07-26 21:29:06,407 - INFO - ====== WebDriver manager ======
2024-07-26 21:29:06,579 - INFO - Get LATEST chromedriver version for google-chrome
2024-07-26 21:29:06,616 - INFO - ====== WebDriver manager ======
2024-07-26 21:29:06,687 - INFO - Get LATEST chromedriver version for google-chrome
2024-07-26 21:29:06,748 - INFO - Get LATEST chromedriver version for google-chrome
2024-07-26 21:29:06,800 - INFO - Driver [/Users/robertpeterson/.wdm/drivers/chromedriver/mac64/127.0.6533.72/chromedriver-mac-arm64/chromedriver] found in cache
2024-07-26 21:29:06,875 - INFO - Get LATEST chromedriver version for google-chrome
2024-07-26 21:29:06,993 - INFO - Driver [/Users/robertpeterson/.wdm/drivers/chromedriver/mac64/127.0.6533.72/chromedriver-mac-arm64/chromedriver] found in cache
2024-07-26 21:29:08,399 - INFO - ====== WebDriver manager ======
2024-07-26 21:29:08,551 - INFO - Get LATEST chromedriver version for google-chrome
2024-07-26 21:29:08,676 - INFO - Get LATEST chromedriver version for google-chrome
2024-07-26 21:29:08,738 - INFO - ====== WebDriver manager ======
2024-07-26 21:29:08,794 - INFO - Driver [/Users/robertpeterson/.wdm/drivers/chromedriver/mac64/127.0.6533.72/chromedriver-mac-arm64/chromedriver] found in cache
2024-07-26 21:29:08,883 - INFO - Get LATEST chromedriver version for google-chrome
2024-07-26 21:29:08,999 - INFO - Get LATEST chromedriver version for google-chrome
2024-07-26 21:29:09,121 - INFO - Driver [/Users/robertpeterson/.wdm/drivers/chromedriver/mac64/127.0.6533.72/chromedriver-mac-arm64/chromedriver] found in cache
2024-07-26 21:29:09,143 - INFO - ====== WebDriver manager ======
2024-07-26 21:29:09,422 - INFO - Get LATEST chromedriver version for google-chrome
2024-07-26 21:29:09,526 - INFO - Get LATEST chromedriver version for google-chrome
2024-07-26 21:29:09,654 - INFO - Driver [/Users/robertpeterson/.wdm/drivers/chromedriver/mac64/127.0.6533.72/chromedriver-mac-arm64/chromedriver] found in cache
2024-07-26 21:29:10,439 - INFO - ====== WebDriver manager ======
2024-07-26 21:29:10,588 - INFO - Get LATEST chromedriver version for google-chrome
2024-07-26 21:29:10,697 - INFO - Get LATEST chromedriver version for google-chrome
2024-07-26 21:29:10,806 - INFO - Driver [/Users/robertpeterson/.wdm/drivers/chromedriver/mac64/127.0.6533.72/chromedriver-mac-arm64/chromedriver] found in cache
2024-07-26 21:29:10,988 - INFO - ====== WebDriver manager ======
2024-07-26 21:29:11,122 - INFO - Get LATEST chromedriver version for google-chrome
2024-07-26 21:29:11,268 - INFO - Get LATEST chromedriver version for google-chrome
2024-07-26 21:29:11,397 - INFO - Driver [/Users/robertpeterson/.wdm/drivers/chromedriver/mac64/127.0.6533.72/chromedriver-mac-arm64/chromedriver] found in cache
2024-07-26 21:29:13,327 - INFO - ====== WebDriver manager ======
2024-07-26 21:29:13,505 - INFO - Get LATEST chromedriver version for google-chrome
2024-07-26 21:29:13,548 - INFO - ====== WebDriver manager ======
2024-07-26 21:29:13,587 - INFO - ====== WebDriver manager ======
2024-07-26 21:29:13,645 - INFO - Get LATEST chromedriver version for google-chrome
2024-07-26 21:29:13,679 - INFO - Get LATEST chromedriver version for google-chrome
2024-07-26 21:29:13,750 - INFO - Get LATEST chromedriver version for google-chrome
2024-07-26 21:29:13,754 - INFO - Driver [/Users/robertpeterson/.wdm/drivers/chromedriver/mac64/127.0.6533.72/chromedriver-mac-arm64/chromedriver] found in cache
2024-07-26 21:29:13,793 - INFO - Get LATEST chromedriver version for google-chrome
2024-07-26 21:29:13,867 - INFO - Get LATEST chromedriver version for google-chrome
2024-07-26 21:29:13,900 - INFO - Driver [/Users/robertpeterson/.wdm/drivers/chromedriver/mac64/127.0.6533.72/chromedriver-mac-arm64/chromedriver] found in cache
2024-07-26 21:29:13,977 - INFO - Driver [/Users/robertpeterson/.wdm/drivers/chromedriver/mac64/127.0.6533.72/chromedriver-mac-arm64/chromedriver] found in cache
2024-07-26 21:29:15,163 - INFO - ====== WebDriver manager ======
2024-07-26 21:29:15,285 - INFO - Get LATEST chromedriver version for google-chrome
2024-07-26 21:29:15,388 - INFO - Get LATEST chromedriver version for google-chrome
2024-07-26 21:29:15,497 - INFO - Driver [/Users/robertpeterson/.wdm/drivers/chromedriver/mac64/127.0.6533.72/chromedriver-mac-arm64/chromedriver] found in cache
2024-07-26 21:29:15,633 - INFO - ====== WebDriver manager ======
2024-07-26 21:29:15,758 - INFO - Get LATEST chromedriver version for google-chrome
2024-07-26 21:29:15,858 - INFO - Get LATEST chromedriver version for google-chrome
2024-07-26 21:29:15,962 - INFO - Driver [/Users/robertpeterson/.wdm/drivers/chromedriver/mac64/127.0.6533.72/chromedriver-mac-arm64/chromedriver] found in cache
2024-07-26 21:29:17,431 - INFO - ====== WebDriver manager ======
2024-07-26 21:29:17,569 - INFO - Get LATEST chromedriver version for google-chrome
2024-07-26 21:29:17,683 - INFO - Get LATEST chromedriver version for google-chrome
2024-07-26 21:29:17,784 - INFO - Driver [/Users/robertpeterson/.wdm/drivers/chromedriver/mac64/127.0.6533.72/chromedriver-mac-arm64/chromedriver] found in cache
2024-07-26 21:29:17,811 - INFO - ====== WebDriver manager ======
2024-07-26 21:29:17,948 - INFO - Get LATEST chromedriver version for google-chrome
2024-07-26 21:29:17,959 - INFO - ====== WebDriver manager ======
2024-07-26 21:29:18,048 - INFO - Get LATEST chromedriver version for google-chrome
2024-07-26 21:29:18,078 - INFO - Get LATEST chromedriver version for google-chrome
2024-07-26 21:29:18,158 - INFO - Driver [/Users/robertpeterson/.wdm/drivers/chromedriver/mac64/127.0.6533.72/chromedriver-mac-arm64/chromedriver] found in cache
2024-07-26 21:29:18,185 - INFO - Get LATEST chromedriver version for google-chrome
2024-07-26 21:29:18,284 - INFO - Driver [/Users/robertpeterson/.wdm/drivers/chromedriver/mac64/127.0.6533.72/chromedriver-mac-arm64/chromedriver] found in cache
2024-07-26 21:29:18,942 - INFO - ====== WebDriver manager ======
2024-07-26 21:29:19,059 - INFO - Get LATEST chromedriver version for google-chrome
2024-07-26 21:29:19,169 - INFO - Get LATEST chromedriver version for google-chrome
2024-07-26 21:29:19,277 - INFO - Driver [/Users/robertpeterson/.wdm/drivers/chromedriver/mac64/127.0.6533.72/chromedriver-mac-arm64/chromedriver] found in cache
2024-07-26 21:29:20,596 - INFO - ====== WebDriver manager ======
2024-07-26 21:29:20,744 - INFO - ====== WebDriver manager ======
2024-07-26 21:29:20,746 - INFO - Get LATEST chromedriver version for google-chrome
2024-07-26 21:29:20,854 - INFO - Get LATEST chromedriver version for google-chrome
2024-07-26 21:29:20,855 - INFO - Get LATEST chromedriver version for google-chrome
2024-07-26 21:29:20,965 - INFO - Get LATEST chromedriver version for google-chrome
2024-07-26 21:29:20,965 - INFO - Driver [/Users/robertpeterson/.wdm/drivers/chromedriver/mac64/127.0.6533.72/chromedriver-mac-arm64/chromedriver] found in cache
2024-07-26 21:29:21,078 - INFO - Driver [/Users/robertpeterson/.wdm/drivers/chromedriver/mac64/127.0.6533.72/chromedriver-mac-arm64/chromedriver] found in cache
2024-07-26 21:29:21,193 - INFO - ====== WebDriver manager ======
2024-07-26 21:29:21,313 - INFO - Get LATEST chromedriver version for google-chrome
2024-07-26 21:29:21,430 - INFO - Get LATEST chromedriver version for google-chrome
2024-07-26 21:29:21,540 - INFO - Driver [/Users/robertpeterson/.wdm/drivers/chromedriver/mac64/127.0.6533.72/chromedriver-mac-arm64/chromedriver] found in cache
2024-07-26 21:29:21,965 - INFO - ====== WebDriver manager ======
2024-07-26 21:29:22,082 - INFO - Get LATEST chromedriver version for google-chrome
2024-07-26 21:29:22,196 - INFO - Get LATEST chromedriver version for google-chrome
2024-07-26 21:29:22,305 - INFO - Driver [/Users/robertpeterson/.wdm/drivers/chromedriver/mac64/127.0.6533.72/chromedriver-mac-arm64/chromedriver] found in cache
2024-07-26 21:29:22,992 - INFO - ====== WebDriver manager ======
2024-07-26 21:29:23,119 - INFO - Get LATEST chromedriver version for google-chrome
2024-07-26 21:29:23,244 - INFO - Get LATEST chromedriver version for google-chrome
2024-07-26 21:29:23,355 - INFO - Driver [/Users/robertpeterson/.wdm/drivers/chromedriver/mac64/127.0.6533.72/chromedriver-mac-arm64/chromedriver] found in cache
2024-07-26 21:29:23,666 - INFO - ====== WebDriver manager ======
2024-07-26 21:29:23,800 - INFO - Get LATEST chromedriver version for google-chrome
2024-07-26 21:29:23,909 - INFO - Get LATEST chromedriver version for google-chrome
2024-07-26 21:29:24,024 - INFO - Driver [/Users/robertpeterson/.wdm/drivers/chromedriver/mac64/127.0.6533.72/chromedriver-mac-arm64/chromedriver] found in cache
2024-07-26 21:29:24,832 - INFO - ====== WebDriver manager ======
2024-07-26 21:29:24,940 - INFO - Get LATEST chromedriver version for google-chrome
2024-07-26 21:29:25,048 - INFO - Get LATEST chromedriver version for google-chrome
2024-07-26 21:29:25,157 - INFO - Driver [/Users/robertpeterson/.wdm/drivers/chromedriver/mac64/127.0.6533.72/chromedriver-mac-arm64/chromedriver] found in cache
2024-07-26 21:29:25,721 - INFO - ====== WebDriver manager ======
2024-07-26 21:29:25,859 - INFO - Get LATEST chromedriver version for google-chrome
2024-07-26 21:29:25,962 - INFO - ====== WebDriver manager ======
2024-07-26 21:29:26,021 - INFO - Get LATEST chromedriver version for google-chrome
2024-07-26 21:29:26,086 - INFO - Get LATEST chromedriver version for google-chrome
2024-07-26 21:29:26,133 - INFO - Driver [/Users/robertpeterson/.wdm/drivers/chromedriver/mac64/127.0.6533.72/chromedriver-mac-arm64/chromedriver] found in cache
2024-07-26 21:29:26,188 - INFO - Get LATEST chromedriver version for google-chrome
2024-07-26 21:29:26,299 - INFO - Driver [/Users/robertpeterson/.wdm/drivers/chromedriver/mac64/127.0.6533.72/chromedriver-mac-arm64/chromedriver] found in cache
2024-07-26 21:29:26,511 - INFO - ====== WebDriver manager ======
2024-07-26 21:29:26,651 - INFO - Get LATEST chromedriver version for google-chrome
2024-07-26 21:29:26,767 - INFO - Get LATEST chromedriver version for google-chrome
2024-07-26 21:29:26,879 - INFO - Driver [/Users/robertpeterson/.wdm/drivers/chromedriver/mac64/127.0.6533.72/chromedriver-mac-arm64/chromedriver] found in cache
2024-07-26 21:29:28,333 - INFO - ====== WebDriver manager ======
2024-07-26 21:29:28,492 - INFO - Get LATEST chromedriver version for google-chrome
2024-07-26 21:29:28,584 - INFO - Get LATEST chromedriver version for google-chrome
2024-07-26 21:29:28,693 - INFO - Driver [/Users/robertpeterson/.wdm/drivers/chromedriver/mac64/127.0.6533.72/chromedriver-mac-arm64/chromedriver] found in cache
2024-07-26 21:29:29,032 - INFO - ====== WebDriver manager ======
2024-07-26 21:29:29,175 - INFO - Get LATEST chromedriver version for google-chrome
2024-07-26 21:29:29,281 - INFO - Get LATEST chromedriver version for google-chrome
2024-07-26 21:29:29,397 - INFO - Driver [/Users/robertpeterson/.wdm/drivers/chromedriver/mac64/127.0.6533.72/chromedriver-mac-arm64/chromedriver] found in cache
2024-07-26 21:29:29,662 - INFO - ====== WebDriver manager ======
2024-07-26 21:29:29,810 - INFO - Get LATEST chromedriver version for google-chrome
2024-07-26 21:29:29,930 - INFO - Get LATEST chromedriver version for google-chrome
2024-07-26 21:29:30,041 - INFO - Driver [/Users/robertpeterson/.wdm/drivers/chromedriver/mac64/127.0.6533.72/chromedriver-mac-arm64/chromedriver] found in cache
2024-07-26 21:29:30,909 - INFO - ====== WebDriver manager ======
2024-07-26 21:29:31,045 - INFO - Get LATEST chromedriver version for google-chrome
2024-07-26 21:29:31,159 - INFO - Get LATEST chromedriver version for google-chrome
2024-07-26 21:29:31,276 - INFO - Driver [/Users/robertpeterson/.wdm/drivers/chromedriver/mac64/127.0.6533.72/chromedriver-mac-arm64/chromedriver] found in cache
2024-07-26 21:29:31,354 - INFO - ====== WebDriver manager ======
2024-07-26 21:29:31,499 - INFO - Get LATEST chromedriver version for google-chrome
2024-07-26 21:29:31,609 - INFO - Get LATEST chromedriver version for google-chrome
2024-07-26 21:29:31,724 - INFO - Driver [/Users/robertpeterson/.wdm/drivers/chromedriver/mac64/127.0.6533.72/chromedriver-mac-arm64/chromedriver] found in cache
2024-07-26 21:29:33,650 - INFO - ====== WebDriver manager ======
2024-07-26 21:29:33,820 - INFO - Get LATEST chromedriver version for google-chrome
2024-07-26 21:29:33,947 - INFO - Get LATEST chromedriver version for google-chrome
2024-07-26 21:29:34,078 - INFO - Driver [/Users/robertpeterson/.wdm/drivers/chromedriver/mac64/127.0.6533.72/chromedriver-mac-arm64/chromedriver] found in cache
2024-07-26 21:29:34,214 - INFO - ====== WebDriver manager ======
2024-07-26 21:29:34,372 - INFO - Get LATEST chromedriver version for google-chrome
2024-07-26 21:29:34,494 - INFO - Get LATEST chromedriver version for google-chrome
2024-07-26 21:29:34,605 - INFO - Driver [/Users/robertpeterson/.wdm/drivers/chromedriver/mac64/127.0.6533.72/chromedriver-mac-arm64/chromedriver] found in cache
2024-07-26 21:29:35,121 - INFO - ====== WebDriver manager ======
2024-07-26 21:29:35,249 - INFO - Get LATEST chromedriver version for google-chrome
2024-07-26 21:29:35,358 - INFO - Get LATEST chromedriver version for google-chrome
2024-07-26 21:29:35,468 - INFO - Driver [/Users/robertpeterson/.wdm/drivers/chromedriver/mac64/127.0.6533.72/chromedriver-mac-arm64/chromedriver] found in cache
2024-07-26 21:29:36,711 - INFO - ====== WebDriver manager ======
2024-07-26 21:29:36,805 - INFO - ====== WebDriver manager ======
2024-07-26 21:29:36,883 - INFO - Get LATEST chromedriver version for google-chrome
2024-07-26 21:29:36,960 - INFO - Get LATEST chromedriver version for google-chrome
2024-07-26 21:29:37,005 - INFO - Get LATEST chromedriver version for google-chrome
2024-07-26 21:29:37,078 - INFO - Get LATEST chromedriver version for google-chrome
2024-07-26 21:29:37,109 - INFO - Driver [/Users/robertpeterson/.wdm/drivers/chromedriver/mac64/127.0.6533.72/chromedriver-mac-arm64/chromedriver] found in cache
2024-07-26 21:29:37,193 - INFO - Driver [/Users/robertpeterson/.wdm/drivers/chromedriver/mac64/127.0.6533.72/chromedriver-mac-arm64/chromedriver] found in cache
2024-07-26 21:29:37,475 - INFO - ====== WebDriver manager ======
2024-07-26 21:29:37,649 - INFO - Get LATEST chromedriver version for google-chrome
2024-07-26 21:29:37,762 - INFO - Get LATEST chromedriver version for google-chrome
2024-07-26 21:29:37,879 - INFO - Driver [/Users/robertpeterson/.wdm/drivers/chromedriver/mac64/127.0.6533.72/chromedriver-mac-arm64/chromedriver] found in cache
2024-07-26 21:29:37,983 - INFO - ====== WebDriver manager ======
2024-07-26 21:29:38,141 - INFO - Get LATEST chromedriver version for google-chrome
2024-07-26 21:29:38,252 - INFO - Get LATEST chromedriver version for google-chrome
2024-07-26 21:29:38,361 - INFO - Driver [/Users/robertpeterson/.wdm/drivers/chromedriver/mac64/127.0.6533.72/chromedriver-mac-arm64/chromedriver] found in cache
2024-07-26 21:29:39,882 - INFO - ====== WebDriver manager ======
2024-07-26 21:29:40,050 - INFO - Get LATEST chromedriver version for google-chrome
2024-07-26 21:29:40,161 - INFO - Get LATEST chromedriver version for google-chrome
2024-07-26 21:29:40,262 - INFO - Driver [/Users/robertpeterson/.wdm/drivers/chromedriver/mac64/127.0.6533.72/chromedriver-mac-arm64/chromedriver] found in cache
2024-07-26 21:29:40,352 - INFO - ====== WebDriver manager ======
2024-07-26 21:29:40,482 - INFO - Get LATEST chromedriver version for google-chrome
2024-07-26 21:29:40,597 - INFO - Get LATEST chromedriver version for google-chrome
2024-07-26 21:29:40,715 - INFO - Driver [/Users/robertpeterson/.wdm/drivers/chromedriver/mac64/127.0.6533.72/chromedriver-mac-arm64/chromedriver] found in cache
2024-07-26 21:29:41,152 - INFO - ====== WebDriver manager ======
2024-07-26 21:29:41,288 - INFO - ====== WebDriver manager ======
2024-07-26 21:29:41,292 - INFO - Get LATEST chromedriver version for google-chrome
2024-07-26 21:29:41,430 - INFO - Get LATEST chromedriver version for google-chrome
2024-07-26 21:29:41,437 - INFO - Get LATEST chromedriver version for google-chrome
2024-07-26 21:29:41,662 - INFO - ====== WebDriver manager ======
2024-07-26 21:29:41,668 - INFO - Driver [/Users/robertpeterson/.wdm/drivers/chromedriver/mac64/127.0.6533.72/chromedriver-mac-arm64/chromedriver] found in cache
2024-07-26 21:29:41,680 - INFO - Get LATEST chromedriver version for google-chrome
2024-07-26 21:29:41,794 - INFO - Driver [/Users/robertpeterson/.wdm/drivers/chromedriver/mac64/127.0.6533.72/chromedriver-mac-arm64/chromedriver] found in cache
2024-07-26 21:29:41,802 - INFO - Get LATEST chromedriver version for google-chrome
2024-07-26 21:29:41,907 - INFO - Get LATEST chromedriver version for google-chrome
2024-07-26 21:29:42,018 - INFO - Driver [/Users/robertpeterson/.wdm/drivers/chromedriver/mac64/127.0.6533.72/chromedriver-mac-arm64/chromedriver] found in cache
2024-07-26 21:29:43,020 - INFO - ====== WebDriver manager ======
2024-07-26 21:29:43,169 - INFO - Get LATEST chromedriver version for google-chrome
2024-07-26 21:29:43,363 - INFO - Get LATEST chromedriver version for google-chrome
2024-07-26 21:29:43,366 - INFO - ====== WebDriver manager ======
2024-07-26 21:29:43,485 - INFO - Driver [/Users/robertpeterson/.wdm/drivers/chromedriver/mac64/127.0.6533.72/chromedriver-mac-arm64/chromedriver] found in cache
2024-07-26 21:29:43,502 - INFO - Get LATEST chromedriver version for google-chrome
2024-07-26 21:29:43,611 - INFO - Get LATEST chromedriver version for google-chrome
2024-07-26 21:29:43,735 - INFO - Driver [/Users/robertpeterson/.wdm/drivers/chromedriver/mac64/127.0.6533.72/chromedriver-mac-arm64/chromedriver] found in cache
2024-07-26 21:29:44,004 - INFO - ====== WebDriver manager ======
2024-07-26 21:29:44,185 - INFO - Get LATEST chromedriver version for google-chrome
2024-07-26 21:29:44,300 - INFO - Get LATEST chromedriver version for google-chrome
2024-07-26 21:29:44,433 - INFO - Driver [/Users/robertpeterson/.wdm/drivers/chromedriver/mac64/127.0.6533.72/chromedriver-mac-arm64/chromedriver] found in cache
2024-07-26 21:29:44,885 - INFO - ====== WebDriver manager ======
2024-07-26 21:29:45,045 - INFO - Get LATEST chromedriver version for google-chrome
2024-07-26 21:29:45,149 - INFO - Get LATEST chromedriver version for google-chrome
2024-07-26 21:29:45,262 - INFO - Driver [/Users/robertpeterson/.wdm/drivers/chromedriver/mac64/127.0.6533.72/chromedriver-mac-arm64/chromedriver] found in cache
2024-07-26 21:29:45,284 - INFO - ====== WebDriver manager ======
2024-07-26 21:29:45,448 - INFO - Get LATEST chromedriver version for google-chrome
2024-07-26 21:29:45,560 - INFO - Get LATEST chromedriver version for google-chrome
2024-07-26 21:29:45,671 - INFO - Driver [/Users/robertpeterson/.wdm/drivers/chromedriver/mac64/127.0.6533.72/chromedriver-mac-arm64/chromedriver] found in cache
2024-07-26 21:29:45,702 - INFO - ====== WebDriver manager ======
2024-07-26 21:29:45,860 - INFO - Get LATEST chromedriver version for google-chrome
2024-07-26 21:29:45,967 - INFO - Get LATEST chromedriver version for google-chrome
2024-07-26 21:29:46,074 - INFO - Driver [/Users/robertpeterson/.wdm/drivers/chromedriver/mac64/127.0.6533.72/chromedriver-mac-arm64/chromedriver] found in cache
2024-07-26 21:29:46,818 - INFO - ====== WebDriver manager ======
2024-07-26 21:29:46,963 - INFO - Get LATEST chromedriver version for google-chrome
2024-07-26 21:29:47,060 - INFO - Get LATEST chromedriver version for google-chrome
2024-07-26 21:29:47,181 - INFO - Driver [/Users/robertpeterson/.wdm/drivers/chromedriver/mac64/127.0.6533.72/chromedriver-mac-arm64/chromedriver] found in cache
2024-07-26 21:29:47,238 - INFO - ====== WebDriver manager ======
2024-07-26 21:29:47,372 - INFO - Get LATEST chromedriver version for google-chrome
2024-07-26 21:29:47,490 - INFO - Get LATEST chromedriver version for google-chrome
2024-07-26 21:29:47,600 - INFO - Driver [/Users/robertpeterson/.wdm/drivers/chromedriver/mac64/127.0.6533.72/chromedriver-mac-arm64/chromedriver] found in cache
2024-07-26 21:29:48,110 - INFO - ====== WebDriver manager ======
2024-07-26 21:29:48,254 - INFO - Get LATEST chromedriver version for google-chrome
2024-07-26 21:29:48,362 - INFO - Get LATEST chromedriver version for google-chrome
2024-07-26 21:29:48,474 - INFO - Driver [/Users/robertpeterson/.wdm/drivers/chromedriver/mac64/127.0.6533.72/chromedriver-mac-arm64/chromedriver] found in cache
2024-07-26 21:29:48,768 - INFO - ====== WebDriver manager ======
2024-07-26 21:29:48,917 - INFO - Get LATEST chromedriver version for google-chrome
2024-07-26 21:29:49,043 - INFO - ====== WebDriver manager ======
2024-07-26 21:29:49,048 - INFO - Get LATEST chromedriver version for google-chrome
2024-07-26 21:29:49,164 - INFO - Driver [/Users/robertpeterson/.wdm/drivers/chromedriver/mac64/127.0.6533.72/chromedriver-mac-arm64/chromedriver] found in cache
2024-07-26 21:29:49,190 - INFO - Get LATEST chromedriver version for google-chrome
2024-07-26 21:29:49,299 - INFO - Get LATEST chromedriver version for google-chrome
2024-07-26 21:29:49,406 - INFO - Driver [/Users/robertpeterson/.wdm/drivers/chromedriver/mac64/127.0.6533.72/chromedriver-mac-arm64/chromedriver] found in cache
2024-07-26 21:29:49,762 - INFO - ====== WebDriver manager ======
2024-07-26 21:29:49,896 - INFO - Get LATEST chromedriver version for google-chrome
2024-07-26 21:29:50,002 - INFO - Get LATEST chromedriver version for google-chrome
2024-07-26 21:29:50,107 - INFO - Driver [/Users/robertpeterson/.wdm/drivers/chromedriver/mac64/127.0.6533.72/chromedriver-mac-arm64/chromedriver] found in cache
2024-07-26 21:29:52,142 - INFO - ====== WebDriver manager ======
2024-07-26 21:29:52,280 - INFO - Get LATEST chromedriver version for google-chrome
2024-07-26 21:29:52,354 - INFO - ====== WebDriver manager ======
2024-07-26 21:29:52,408 - INFO - Get LATEST chromedriver version for google-chrome
2024-07-26 21:29:52,479 - INFO - Get LATEST chromedriver version for google-chrome
2024-07-26 21:29:52,538 - INFO - Driver [/Users/robertpeterson/.wdm/drivers/chromedriver/mac64/127.0.6533.72/chromedriver-mac-arm64/chromedriver] found in cache
2024-07-26 21:29:52,598 - INFO - Get LATEST chromedriver version for google-chrome
2024-07-26 21:29:52,732 - INFO - Driver [/Users/robertpeterson/.wdm/drivers/chromedriver/mac64/127.0.6533.72/chromedriver-mac-arm64/chromedriver] found in cache
2024-07-26 21:29:52,865 - INFO - ====== WebDriver manager ======
2024-07-26 21:29:53,033 - INFO - Get LATEST chromedriver version for google-chrome
2024-07-26 21:29:53,144 - INFO - Get LATEST chromedriver version for google-chrome
2024-07-26 21:29:53,252 - INFO - Driver [/Users/robertpeterson/.wdm/drivers/chromedriver/mac64/127.0.6533.72/chromedriver-mac-arm64/chromedriver] found in cache
2024-07-26 21:29:53,630 - INFO - ====== WebDriver manager ======
2024-07-26 21:29:53,763 - INFO - Get LATEST chromedriver version for google-chrome
2024-07-26 21:29:53,897 - INFO - Get LATEST chromedriver version for google-chrome
2024-07-26 21:29:54,008 - INFO - Driver [/Users/robertpeterson/.wdm/drivers/chromedriver/mac64/127.0.6533.72/chromedriver-mac-arm64/chromedriver] found in cache
2024-07-26 21:29:54,932 - INFO - ====== WebDriver manager ======
2024-07-26 21:29:55,055 - INFO - Get LATEST chromedriver version for google-chrome
2024-07-26 21:29:55,173 - INFO - Get LATEST chromedriver version for google-chrome
2024-07-26 21:29:55,287 - INFO - Driver [/Users/robertpeterson/.wdm/drivers/chromedriver/mac64/127.0.6533.72/chromedriver-mac-arm64/chromedriver] found in cache
2024-07-26 21:29:55,859 - INFO - ====== WebDriver manager ======
2024-07-26 21:29:55,980 - INFO - Get LATEST chromedriver version for google-chrome
2024-07-26 21:29:56,220 - INFO - Get LATEST chromedriver version for google-chrome
2024-07-26 21:29:56,491 - INFO - Driver [/Users/robertpeterson/.wdm/drivers/chromedriver/mac64/127.0.6533.72/chromedriver-mac-arm64/chromedriver] found in cache
2024-07-26 21:29:57,145 - INFO - ====== WebDriver manager ======
2024-07-26 21:29:57,261 - INFO - Get LATEST chromedriver version for google-chrome
2024-07-26 21:29:57,399 - INFO - Get LATEST chromedriver version for google-chrome
2024-07-26 21:29:57,534 - INFO - Driver [/Users/robertpeterson/.wdm/drivers/chromedriver/mac64/127.0.6533.72/chromedriver-mac-arm64/chromedriver] found in cache
2024-07-26 21:29:57,629 - INFO - ====== WebDriver manager ======
2024-07-26 21:29:57,757 - INFO - Get LATEST chromedriver version for google-chrome
2024-07-26 21:29:57,910 - INFO - Get LATEST chromedriver version for google-chrome
2024-07-26 21:29:58,196 - INFO - ====== WebDriver manager ======
2024-07-26 21:29:58,255 - INFO - Driver [/Users/robertpeterson/.wdm/drivers/chromedriver/mac64/127.0.6533.72/chromedriver-mac-arm64/chromedriver] found in cache
2024-07-26 21:29:58,339 - INFO - Get LATEST chromedriver version for google-chrome
2024-07-26 21:29:58,565 - INFO - Get LATEST chromedriver version for google-chrome
2024-07-26 21:29:58,694 - INFO - Driver [/Users/robertpeterson/.wdm/drivers/chromedriver/mac64/127.0.6533.72/chromedriver-mac-arm64/chromedriver] found in cache
2024-07-26 21:29:59,120 - INFO - ====== WebDriver manager ======
2024-07-26 21:29:59,247 - INFO - Get LATEST chromedriver version for google-chrome
2024-07-26 21:29:59,368 - INFO - Get LATEST chromedriver version for google-chrome
2024-07-26 21:29:59,495 - INFO - Driver [/Users/robertpeterson/.wdm/drivers/chromedriver/mac64/127.0.6533.72/chromedriver-mac-arm64/chromedriver] found in cache
2024-07-26 21:30:01,604 - INFO - ====== WebDriver manager ======
2024-07-26 21:30:01,736 - INFO - Get LATEST chromedriver version for google-chrome
2024-07-26 21:30:02,054 - INFO - Get LATEST chromedriver version for google-chrome
2024-07-26 21:30:02,272 - INFO - Driver [/Users/robertpeterson/.wdm/drivers/chromedriver/mac64/127.0.6533.72/chromedriver-mac-arm64/chromedriver] found in cache
2024-07-26 21:30:02,717 - INFO - ====== WebDriver manager ======
2024-07-26 21:30:02,870 - INFO - Get LATEST chromedriver version for google-chrome
2024-07-26 21:30:03,003 - INFO - Get LATEST chromedriver version for google-chrome
2024-07-26 21:30:03,109 - INFO - ====== WebDriver manager ======
2024-07-26 21:30:03,160 - INFO - Driver [/Users/robertpeterson/.wdm/drivers/chromedriver/mac64/127.0.6533.72/chromedriver-mac-arm64/chromedriver] found in cache
2024-07-26 21:30:03,224 - INFO - Get LATEST chromedriver version for google-chrome
2024-07-26 21:30:03,366 - INFO - Get LATEST chromedriver version for google-chrome
2024-07-26 21:30:03,505 - INFO - Driver [/Users/robertpeterson/.wdm/drivers/chromedriver/mac64/127.0.6533.72/chromedriver-mac-arm64/chromedriver] found in cache
2024-07-26 21:30:04,134 - INFO - ====== WebDriver manager ======
2024-07-26 21:30:04,262 - INFO - Get LATEST chromedriver version for google-chrome
2024-07-26 21:30:04,383 - INFO - Get LATEST chromedriver version for google-chrome
2024-07-26 21:30:04,496 - INFO - Driver [/Users/robertpeterson/.wdm/drivers/chromedriver/mac64/127.0.6533.72/chromedriver-mac-arm64/chromedriver] found in cache
2024-07-26 21:30:05,465 - INFO - ====== WebDriver manager ======
2024-07-26 21:30:05,606 - INFO - Get LATEST chromedriver version for google-chrome
2024-07-26 21:30:05,735 - INFO - Get LATEST chromedriver version for google-chrome
2024-07-26 21:30:05,893 - INFO - Driver [/Users/robertpeterson/.wdm/drivers/chromedriver/mac64/127.0.6533.72/chromedriver-mac-arm64/chromedriver] found in cache
2024-07-26 21:30:06,325 - INFO - ====== WebDriver manager ======
2024-07-26 21:30:06,458 - INFO - Get LATEST chromedriver version for google-chrome
2024-07-26 21:30:06,600 - INFO - Get LATEST chromedriver version for google-chrome
2024-07-26 21:30:06,730 - INFO - Driver [/Users/robertpeterson/.wdm/drivers/chromedriver/mac64/127.0.6533.72/chromedriver-mac-arm64/chromedriver] found in cache
2024-07-26 21:30:07,113 - INFO - ====== WebDriver manager ======
2024-07-26 21:30:07,245 - INFO - Get LATEST chromedriver version for google-chrome
2024-07-26 21:30:07,360 - INFO - Get LATEST chromedriver version for google-chrome
2024-07-26 21:30:07,478 - INFO - Driver [/Users/robertpeterson/.wdm/drivers/chromedriver/mac64/127.0.6533.72/chromedriver-mac-arm64/chromedriver] found in cache
2024-07-26 21:30:08,746 - INFO - ====== WebDriver manager ======
2024-07-26 21:30:08,908 - INFO - Get LATEST chromedriver version for google-chrome
2024-07-26 21:30:09,045 - INFO - Get LATEST chromedriver version for google-chrome
2024-07-26 21:30:09,180 - INFO - Driver [/Users/robertpeterson/.wdm/drivers/chromedriver/mac64/127.0.6533.72/chromedriver-mac-arm64/chromedriver] found in cache
2024-07-26 21:30:10,229 - INFO - ====== WebDriver manager ======
2024-07-26 21:30:10,376 - INFO - Get LATEST chromedriver version for google-chrome
2024-07-26 21:30:10,517 - INFO - Get LATEST chromedriver version for google-chrome
2024-07-26 21:30:10,640 - INFO - Driver [/Users/robertpeterson/.wdm/drivers/chromedriver/mac64/127.0.6533.72/chromedriver-mac-arm64/chromedriver] found in cache
2024-07-26 21:30:11,271 - INFO - ====== WebDriver manager ======
2024-07-26 21:30:11,397 - INFO - Get LATEST chromedriver version for google-chrome
2024-07-26 21:30:11,513 - INFO - Get LATEST chromedriver version for google-chrome
2024-07-26 21:30:11,645 - INFO - Driver [/Users/robertpeterson/.wdm/drivers/chromedriver/mac64/127.0.6533.72/chromedriver-mac-arm64/chromedriver] found in cache
2024-07-26 21:30:13,583 - INFO - ====== WebDriver manager ======
2024-07-26 21:30:13,672 - INFO - ====== WebDriver manager ======
2024-07-26 21:30:13,707 - INFO - Get LATEST chromedriver version for google-chrome
2024-07-26 21:30:13,789 - INFO - Get LATEST chromedriver version for google-chrome
2024-07-26 21:30:13,827 - INFO - Get LATEST chromedriver version for google-chrome
2024-07-26 21:30:13,932 - INFO - Get LATEST chromedriver version for google-chrome
2024-07-26 21:30:13,969 - INFO - Driver [/Users/robertpeterson/.wdm/drivers/chromedriver/mac64/127.0.6533.72/chromedriver-mac-arm64/chromedriver] found in cache
2024-07-26 21:30:14,064 - INFO - Driver [/Users/robertpeterson/.wdm/drivers/chromedriver/mac64/127.0.6533.72/chromedriver-mac-arm64/chromedriver] found in cache
2024-07-26 21:30:14,221 - INFO - ====== WebDriver manager ======
2024-07-26 21:30:14,350 - INFO - Get LATEST chromedriver version for google-chrome
2024-07-26 21:30:14,482 - INFO - Get LATEST chromedriver version for google-chrome
2024-07-26 21:30:14,619 - INFO - Driver [/Users/robertpeterson/.wdm/drivers/chromedriver/mac64/127.0.6533.72/chromedriver-mac-arm64/chromedriver] found in cache
2024-07-26 21:30:14,912 - INFO - ====== WebDriver manager ======
2024-07-26 21:30:15,029 - INFO - Get LATEST chromedriver version for google-chrome
2024-07-26 21:30:15,170 - INFO - Get LATEST chromedriver version for google-chrome
2024-07-26 21:30:15,291 - INFO - Driver [/Users/robertpeterson/.wdm/drivers/chromedriver/mac64/127.0.6533.72/chromedriver-mac-arm64/chromedriver] found in cache
2024-07-26 21:30:16,386 - INFO - ====== WebDriver manager ======
2024-07-26 21:30:16,541 - INFO - Get LATEST chromedriver version for google-chrome
2024-07-26 21:30:16,736 - INFO - ====== WebDriver manager ======
2024-07-26 21:30:16,814 - INFO - Get LATEST chromedriver version for google-chrome
2024-07-26 21:30:16,866 - INFO - Get LATEST chromedriver version for google-chrome
2024-07-26 21:30:16,944 - INFO - Driver [/Users/robertpeterson/.wdm/drivers/chromedriver/mac64/127.0.6533.72/chromedriver-mac-arm64/chromedriver] found in cache
2024-07-26 21:30:17,034 - INFO - Get LATEST chromedriver version for google-chrome
2024-07-26 21:30:17,165 - INFO - Driver [/Users/robertpeterson/.wdm/drivers/chromedriver/mac64/127.0.6533.72/chromedriver-mac-arm64/chromedriver] found in cache
2024-07-26 21:30:17,842 - INFO - ====== WebDriver manager ======
2024-07-26 21:30:17,966 - INFO - Get LATEST chromedriver version for google-chrome
2024-07-26 21:30:18,161 - INFO - Get LATEST chromedriver version for google-chrome
2024-07-26 21:30:18,169 - INFO - ====== WebDriver manager ======
2024-07-26 21:30:18,279 - INFO - Driver [/Users/robertpeterson/.wdm/drivers/chromedriver/mac64/127.0.6533.72/chromedriver-mac-arm64/chromedriver] found in cache
2024-07-26 21:30:18,284 - INFO - Get LATEST chromedriver version for google-chrome
2024-07-26 21:30:18,400 - INFO - Get LATEST chromedriver version for google-chrome
2024-07-26 21:30:18,531 - INFO - Driver [/Users/robertpeterson/.wdm/drivers/chromedriver/mac64/127.0.6533.72/chromedriver-mac-arm64/chromedriver] found in cache
2024-07-26 21:30:20,196 - INFO - ====== WebDriver manager ======
2024-07-26 21:30:20,333 - INFO - Get LATEST chromedriver version for google-chrome
2024-07-26 21:30:20,486 - INFO - ====== WebDriver manager ======
2024-07-26 21:30:20,492 - INFO - Get LATEST chromedriver version for google-chrome
2024-07-26 21:30:20,613 - INFO - Get LATEST chromedriver version for google-chrome
2024-07-26 21:30:20,633 - INFO - Driver [/Users/robertpeterson/.wdm/drivers/chromedriver/mac64/127.0.6533.72/chromedriver-mac-arm64/chromedriver] found in cache
2024-07-26 21:30:20,743 - INFO - Get LATEST chromedriver version for google-chrome
2024-07-26 21:30:20,890 - INFO - Driver [/Users/robertpeterson/.wdm/drivers/chromedriver/mac64/127.0.6533.72/chromedriver-mac-arm64/chromedriver] found in cache
2024-07-26 21:30:21,579 - INFO - ====== WebDriver manager ======
2024-07-26 21:30:21,702 - INFO - Get LATEST chromedriver version for google-chrome
2024-07-26 21:30:21,853 - INFO - Get LATEST chromedriver version for google-chrome
2024-07-26 21:30:21,988 - INFO - Driver [/Users/robertpeterson/.wdm/drivers/chromedriver/mac64/127.0.6533.72/chromedriver-mac-arm64/chromedriver] found in cache
2024-07-26 21:30:23,454 - INFO - ====== WebDriver manager ======
2024-07-26 21:30:23,580 - INFO - Get LATEST chromedriver version for google-chrome
2024-07-26 21:30:23,700 - INFO - Get LATEST chromedriver version for google-chrome
2024-07-26 21:30:23,826 - INFO - Driver [/Users/robertpeterson/.wdm/drivers/chromedriver/mac64/127.0.6533.72/chromedriver-mac-arm64/chromedriver] found in cache
2024-07-26 21:30:25,492 - INFO - ====== WebDriver manager ======
2024-07-26 21:30:25,633 - INFO - Get LATEST chromedriver version for google-chrome
2024-07-26 21:30:25,766 - INFO - Get LATEST chromedriver version for google-chrome
2024-07-26 21:30:25,913 - INFO - Driver [/Users/robertpeterson/.wdm/drivers/chromedriver/mac64/127.0.6533.72/chromedriver-mac-arm64/chromedriver] found in cache
2024-07-26 21:30:26,833 - INFO - ====== WebDriver manager ======
2024-07-26 21:30:26,879 - INFO - ====== WebDriver manager ======
2024-07-26 21:30:26,976 - INFO - Get LATEST chromedriver version for google-chrome
2024-07-26 21:30:27,032 - INFO - Get LATEST chromedriver version for google-chrome
2024-07-26 21:30:27,125 - INFO - Get LATEST chromedriver version for google-chrome
2024-07-26 21:30:27,166 - INFO - Get LATEST chromedriver version for google-chrome
2024-07-26 21:30:27,276 - INFO - Driver [/Users/robertpeterson/.wdm/drivers/chromedriver/mac64/127.0.6533.72/chromedriver-mac-arm64/chromedriver] found in cache
2024-07-26 21:30:27,306 - INFO - Driver [/Users/robertpeterson/.wdm/drivers/chromedriver/mac64/127.0.6533.72/chromedriver-mac-arm64/chromedriver] found in cache
2024-07-26 21:30:29,192 - INFO - ====== WebDriver manager ======
2024-07-26 21:30:29,326 - INFO - Get LATEST chromedriver version for google-chrome
2024-07-26 21:30:29,369 - INFO - ====== WebDriver manager ======
2024-07-26 21:30:29,450 - INFO - Get LATEST chromedriver version for google-chrome
2024-07-26 21:30:29,488 - INFO - ====== WebDriver manager ======
2024-07-26 21:30:29,491 - INFO - Get LATEST chromedriver version for google-chrome
2024-07-26 21:30:29,586 - INFO - Driver [/Users/robertpeterson/.wdm/drivers/chromedriver/mac64/127.0.6533.72/chromedriver-mac-arm64/chromedriver] found in cache
2024-07-26 21:30:29,611 - INFO - Get LATEST chromedriver version for google-chrome
2024-07-26 21:30:29,632 - INFO - Get LATEST chromedriver version for google-chrome
2024-07-26 21:30:29,731 - INFO - Get LATEST chromedriver version for google-chrome
2024-07-26 21:30:29,761 - INFO - Driver [/Users/robertpeterson/.wdm/drivers/chromedriver/mac64/127.0.6533.72/chromedriver-mac-arm64/chromedriver] found in cache
2024-07-26 21:30:29,850 - INFO - Driver [/Users/robertpeterson/.wdm/drivers/chromedriver/mac64/127.0.6533.72/chromedriver-mac-arm64/chromedriver] found in cache
2024-07-26 21:30:30,587 - INFO - ====== WebDriver manager ======
2024-07-26 21:30:30,717 - INFO - Get LATEST chromedriver version for google-chrome
2024-07-26 21:30:30,863 - INFO - Get LATEST chromedriver version for google-chrome
2024-07-26 21:30:31,056 - INFO - Driver [/Users/robertpeterson/.wdm/drivers/chromedriver/mac64/127.0.6533.72/chromedriver-mac-arm64/chromedriver] found in cache
2024-07-26 21:30:34,409 - INFO - ====== WebDriver manager ======
2024-07-26 21:30:34,529 - INFO - Get LATEST chromedriver version for google-chrome
2024-07-26 21:30:34,673 - INFO - Get LATEST chromedriver version for google-chrome
2024-07-26 21:30:34,798 - INFO - Driver [/Users/robertpeterson/.wdm/drivers/chromedriver/mac64/127.0.6533.72/chromedriver-mac-arm64/chromedriver] found in cache
2024-07-26 21:30:35,818 - INFO - ====== WebDriver manager ======
2024-07-26 21:30:35,935 - INFO - Get LATEST chromedriver version for google-chrome
2024-07-26 21:30:36,063 - INFO - Get LATEST chromedriver version for google-chrome
2024-07-26 21:30:36,191 - INFO - Driver [/Users/robertpeterson/.wdm/drivers/chromedriver/mac64/127.0.6533.72/chromedriver-mac-arm64/chromedriver] found in cache
2024-07-26 21:30:37,929 - INFO - ====== WebDriver manager ======
2024-07-26 21:30:38,047 - INFO - Get LATEST chromedriver version for google-chrome
2024-07-26 21:30:38,155 - INFO - Get LATEST chromedriver version for google-chrome
2024-07-26 21:30:38,273 - INFO - Driver [/Users/robertpeterson/.wdm/drivers/chromedriver/mac64/127.0.6533.72/chromedriver-mac-arm64/chromedriver] found in cache
2024-07-26 21:30:40,885 - INFO - ====== WebDriver manager ======
2024-07-26 21:30:41,038 - INFO - Get LATEST chromedriver version for google-chrome
2024-07-26 21:30:41,164 - INFO - Get LATEST chromedriver version for google-chrome
2024-07-26 21:30:41,298 - INFO - Driver [/Users/robertpeterson/.wdm/drivers/chromedriver/mac64/127.0.6533.72/chromedriver-mac-arm64/chromedriver] found in cache
2024-07-26 21:30:44,712 - INFO - ====== WebDriver manager ======
2024-07-26 21:30:44,847 - INFO - Get LATEST chromedriver version for google-chrome
2024-07-26 21:30:44,963 - INFO - Get LATEST chromedriver version for google-chrome
2024-07-26 21:30:45,091 - INFO - Driver [/Users/robertpeterson/.wdm/drivers/chromedriver/mac64/127.0.6533.72/chromedriver-mac-arm64/chromedriver] found in cache
2024-07-26 21:30:47,023 - INFO - ====== WebDriver manager ======
2024-07-26 21:30:47,080 - INFO - ====== WebDriver manager ======
2024-07-26 21:30:47,148 - INFO - Get LATEST chromedriver version for google-chrome
2024-07-26 21:30:47,201 - INFO - Get LATEST chromedriver version for google-chrome
2024-07-26 21:30:47,289 - INFO - Get LATEST chromedriver version for google-chrome
2024-07-26 21:30:47,331 - INFO - Get LATEST chromedriver version for google-chrome
2024-07-26 21:30:47,446 - INFO - Driver [/Users/robertpeterson/.wdm/drivers/chromedriver/mac64/127.0.6533.72/chromedriver-mac-arm64/chromedriver] found in cache
2024-07-26 21:30:47,483 - INFO - Driver [/Users/robertpeterson/.wdm/drivers/chromedriver/mac64/127.0.6533.72/chromedriver-mac-arm64/chromedriver] found in cache
2024-07-26 21:30:47,491 - INFO - ====== WebDriver manager ======
2024-07-26 21:30:47,640 - INFO - Get LATEST chromedriver version for google-chrome
2024-07-26 21:30:47,755 - INFO - Get LATEST chromedriver version for google-chrome
2024-07-26 21:30:47,885 - INFO - Driver [/Users/robertpeterson/.wdm/drivers/chromedriver/mac64/127.0.6533.72/chromedriver-mac-arm64/chromedriver] found in cache
2024-07-26 21:30:51,721 - INFO - ====== WebDriver manager ======
2024-07-26 21:30:51,796 - INFO - ====== WebDriver manager ======
2024-07-26 21:30:51,853 - INFO - Get LATEST chromedriver version for google-chrome
2024-07-26 21:30:51,924 - INFO - Get LATEST chromedriver version for google-chrome
2024-07-26 21:30:51,985 - INFO - Get LATEST chromedriver version for google-chrome
2024-07-26 21:30:52,008 - INFO - ====== WebDriver manager ======
2024-07-26 21:30:52,041 - INFO - Get LATEST chromedriver version for google-chrome
2024-07-26 21:30:52,092 - INFO - Driver [/Users/robertpeterson/.wdm/drivers/chromedriver/mac64/127.0.6533.72/chromedriver-mac-arm64/chromedriver] found in cache
2024-07-26 21:30:52,114 - INFO - Get LATEST chromedriver version for google-chrome
2024-07-26 21:30:52,151 - INFO - Driver [/Users/robertpeterson/.wdm/drivers/chromedriver/mac64/127.0.6533.72/chromedriver-mac-arm64/chromedriver] found in cache
2024-07-26 21:30:52,221 - INFO - Get LATEST chromedriver version for google-chrome
2024-07-26 21:30:52,336 - INFO - Driver [/Users/robertpeterson/.wdm/drivers/chromedriver/mac64/127.0.6533.72/chromedriver-mac-arm64/chromedriver] found in cache
2024-07-26 21:30:52,926 - INFO - ====== WebDriver manager ======
2024-07-26 21:30:52,927 - INFO - ====== WebDriver manager ======
2024-07-26 21:30:53,043 - INFO - Get LATEST chromedriver version for google-chrome
2024-07-26 21:30:53,044 - INFO - Get LATEST chromedriver version for google-chrome
2024-07-26 21:30:53,147 - INFO - Get LATEST chromedriver version for google-chrome
2024-07-26 21:30:53,154 - INFO - Get LATEST chromedriver version for google-chrome
2024-07-26 21:30:53,267 - INFO - Driver [/Users/robertpeterson/.wdm/drivers/chromedriver/mac64/127.0.6533.72/chromedriver-mac-arm64/chromedriver] found in cache
2024-07-26 21:30:53,284 - INFO - Driver [/Users/robertpeterson/.wdm/drivers/chromedriver/mac64/127.0.6533.72/chromedriver-mac-arm64/chromedriver] found in cache
2024-07-26 21:30:53,543 - INFO - ====== WebDriver manager ======
2024-07-26 21:30:53,661 - INFO - Get LATEST chromedriver version for google-chrome
2024-07-26 21:30:53,777 - INFO - Get LATEST chromedriver version for google-chrome
2024-07-26 21:30:53,885 - INFO - Driver [/Users/robertpeterson/.wdm/drivers/chromedriver/mac64/127.0.6533.72/chromedriver-mac-arm64/chromedriver] found in cache
2024-07-26 21:30:54,759 - INFO - ====== WebDriver manager ======
2024-07-26 21:30:54,770 - INFO - ====== WebDriver manager ======
2024-07-26 21:30:54,886 - INFO - Get LATEST chromedriver version for google-chrome
2024-07-26 21:30:54,896 - INFO - Get LATEST chromedriver version for google-chrome
2024-07-26 21:30:55,009 - INFO - Get LATEST chromedriver version for google-chrome
2024-07-26 21:30:55,022 - INFO - Get LATEST chromedriver version for google-chrome
2024-07-26 21:30:55,115 - INFO - Driver [/Users/robertpeterson/.wdm/drivers/chromedriver/mac64/127.0.6533.72/chromedriver-mac-arm64/chromedriver] found in cache
2024-07-26 21:30:55,119 - INFO - Driver [/Users/robertpeterson/.wdm/drivers/chromedriver/mac64/127.0.6533.72/chromedriver-mac-arm64/chromedriver] found in cache
2024-07-26 21:30:55,617 - INFO - ====== WebDriver manager ======
2024-07-26 21:30:55,730 - INFO - Get LATEST chromedriver version for google-chrome
2024-07-26 21:30:55,831 - INFO - Get LATEST chromedriver version for google-chrome
2024-07-26 21:30:55,945 - INFO - Driver [/Users/robertpeterson/.wdm/drivers/chromedriver/mac64/127.0.6533.72/chromedriver-mac-arm64/chromedriver] found in cache
2024-07-26 21:30:57,702 - INFO - ====== WebDriver manager ======
2024-07-26 21:30:57,838 - INFO - Get LATEST chromedriver version for google-chrome
2024-07-26 21:30:57,964 - INFO - Get LATEST chromedriver version for google-chrome
2024-07-26 21:30:58,104 - INFO - Driver [/Users/robertpeterson/.wdm/drivers/chromedriver/mac64/127.0.6533.72/chromedriver-mac-arm64/chromedriver] found in cache
2024-07-26 21:31:02,118 - INFO - ====== WebDriver manager ======
2024-07-26 21:31:02,244 - INFO - Get LATEST chromedriver version for google-chrome
2024-07-26 21:31:02,354 - INFO - Get LATEST chromedriver version for google-chrome
2024-07-26 21:31:02,473 - INFO - Driver [/Users/robertpeterson/.wdm/drivers/chromedriver/mac64/127.0.6533.72/chromedriver-mac-arm64/chromedriver] found in cache
2024-07-26 21:31:02,947 - INFO - ====== WebDriver manager ======
2024-07-26 21:31:02,947 - INFO - ====== WebDriver manager ======
2024-07-26 21:31:03,122 - INFO - Get LATEST chromedriver version for google-chrome
2024-07-26 21:31:03,123 - INFO - Get LATEST chromedriver version for google-chrome
2024-07-26 21:31:03,225 - INFO - Get LATEST chromedriver version for google-chrome
2024-07-26 21:31:03,231 - INFO - Get LATEST chromedriver version for google-chrome
2024-07-26 21:31:03,326 - INFO - Driver [/Users/robertpeterson/.wdm/drivers/chromedriver/mac64/127.0.6533.72/chromedriver-mac-arm64/chromedriver] found in cache
2024-07-26 21:31:03,340 - INFO - Driver [/Users/robertpeterson/.wdm/drivers/chromedriver/mac64/127.0.6533.72/chromedriver-mac-arm64/chromedriver] found in cache
2024-07-26 21:31:03,378 - INFO - ====== WebDriver manager ======
2024-07-26 21:31:03,512 - INFO - Get LATEST chromedriver version for google-chrome
2024-07-26 21:31:03,636 - INFO - Get LATEST chromedriver version for google-chrome
2024-07-26 21:31:03,750 - INFO - Driver [/Users/robertpeterson/.wdm/drivers/chromedriver/mac64/127.0.6533.72/chromedriver-mac-arm64/chromedriver] found in cache
2024-07-26 21:31:04,882 - INFO - ====== WebDriver manager ======
2024-07-26 21:31:05,031 - INFO - Get LATEST chromedriver version for google-chrome
2024-07-26 21:31:05,147 - INFO - Get LATEST chromedriver version for google-chrome
2024-07-26 21:31:05,262 - INFO - Driver [/Users/robertpeterson/.wdm/drivers/chromedriver/mac64/127.0.6533.72/chromedriver-mac-arm64/chromedriver] found in cache
2024-07-26 21:31:06,175 - INFO - ====== WebDriver manager ======
2024-07-26 21:31:06,209 - INFO - ====== WebDriver manager ======
2024-07-26 21:31:06,299 - INFO - Get LATEST chromedriver version for google-chrome
2024-07-26 21:31:06,330 - INFO - Get LATEST chromedriver version for google-chrome
2024-07-26 21:31:06,406 - INFO - Get LATEST chromedriver version for google-chrome
2024-07-26 21:31:06,433 - INFO - Get LATEST chromedriver version for google-chrome
2024-07-26 21:31:06,510 - INFO - Driver [/Users/robertpeterson/.wdm/drivers/chromedriver/mac64/127.0.6533.72/chromedriver-mac-arm64/chromedriver] found in cache
2024-07-26 21:31:06,532 - INFO - Driver [/Users/robertpeterson/.wdm/drivers/chromedriver/mac64/127.0.6533.72/chromedriver-mac-arm64/chromedriver] found in cache
2024-07-26 21:31:06,864 - INFO - ====== WebDriver manager ======
2024-07-26 21:31:07,002 - INFO - Get LATEST chromedriver version for google-chrome
2024-07-26 21:31:07,103 - INFO - Get LATEST chromedriver version for google-chrome
2024-07-26 21:31:07,217 - INFO - Driver [/Users/robertpeterson/.wdm/drivers/chromedriver/mac64/127.0.6533.72/chromedriver-mac-arm64/chromedriver] found in cache
2024-07-26 21:31:07,395 - INFO - ====== WebDriver manager ======
2024-07-26 21:31:07,487 - INFO - ====== WebDriver manager ======
2024-07-26 21:31:07,524 - INFO - Get LATEST chromedriver version for google-chrome
2024-07-26 21:31:07,597 - INFO - Get LATEST chromedriver version for google-chrome
2024-07-26 21:31:07,635 - INFO - Get LATEST chromedriver version for google-chrome
2024-07-26 21:31:07,716 - INFO - Get LATEST chromedriver version for google-chrome
2024-07-26 21:31:07,745 - INFO - Driver [/Users/robertpeterson/.wdm/drivers/chromedriver/mac64/127.0.6533.72/chromedriver-mac-arm64/chromedriver] found in cache
2024-07-26 21:31:07,831 - INFO - Driver [/Users/robertpeterson/.wdm/drivers/chromedriver/mac64/127.0.6533.72/chromedriver-mac-arm64/chromedriver] found in cache
2024-07-26 21:31:08,936 - INFO - ====== WebDriver manager ======
2024-07-26 21:31:09,092 - INFO - ====== WebDriver manager ======
2024-07-26 21:31:09,117 - INFO - Get LATEST chromedriver version for google-chrome
2024-07-26 21:31:09,223 - INFO - Get LATEST chromedriver version for google-chrome
2024-07-26 21:31:09,229 - INFO - Get LATEST chromedriver version for google-chrome
2024-07-26 21:31:15,536 - INFO - [31m[1mWARNING: This is a development server. Do not use it in a production deployment. Use a production WSGI server instead.[0m
 * Running on http://127.0.0.1:5001
2024-07-26 21:31:15,536 - INFO - [33mPress CTRL+C to quit[0m
2024-07-26 21:31:15,536 - INFO -  * Restarting with stat
2024-07-26 21:31:15,673 - WARNING -  * Debugger is active!
2024-07-26 21:31:15,680 - INFO -  * Debugger PIN: 899-234-048
2024-07-26 21:33:16,889 - INFO -  * Detected change in '/Users/robertpeterson/Documents/Project/sitehealth/sitehealth.py', reloading
2024-07-26 21:33:16,913 - INFO -  * Restarting with stat
2024-07-26 21:33:17,067 - WARNING -  * Debugger is active!
2024-07-26 21:33:17,072 - INFO -  * Debugger PIN: 899-234-048
